<?xml version="1.0" encoding="UTF-8"?>
<testsuite xmlns:xsi="http://www.w3.org/2001/XMLSchema-instance" xsi:noNamespaceSchemaLocation="https://maven.apache.org/surefire/maven-surefire-plugin/xsd/surefire-test-report.xsd" name="com.faac.UserServiceTests" time="0.55" tests="1" errors="0" skipped="0" failures="0">
  <properties>
    <property name="sun.desktop" value="windows"/>
    <property name="awt.toolkit" value="sun.awt.windows.WToolkit"/>
    <property name="file.encoding.pkg" value="sun.io"/>
    <property name="java.specification.version" value="1.8"/>
    <property name="sun.jnu.encoding" value="Cp1252"/>
    <property name="java.class.path" value="C:\Sviluppo\repository\faac-app\faac-app\faac-app\target\test-classes;C:\Sviluppo\repository\faac-app\faac-app\faac-app\target\classes;c:\_csedev\user\.m2\org\springframework\boot\spring-boot-starter-actuator\2.2.1.RELEASE\spring-boot-starter-actuator-2.2.1.RELEASE.jar;c:\_csedev\user\.m2\org\springframework\boot\spring-boot-starter\2.2.1.RELEASE\spring-boot-starter-2.2.1.RELEASE.jar;c:\_csedev\user\.m2\org\springframework\boot\spring-boot-starter-logging\2.2.1.RELEASE\spring-boot-starter-logging-2.2.1.RELEASE.jar;c:\_csedev\user\.m2\ch\qos\logback\logback-classic\1.2.3\logback-classic-1.2.3.jar;c:\_csedev\user\.m2\ch\qos\logback\logback-core\1.2.3\logback-core-1.2.3.jar;c:\_csedev\user\.m2\org\apache\logging\log4j\log4j-to-slf4j\2.12.1\log4j-to-slf4j-2.12.1.jar;c:\_csedev\user\.m2\org\apache\logging\log4j\log4j-api\2.12.1\log4j-api-2.12.1.jar;c:\_csedev\user\.m2\org\slf4j\jul-to-slf4j\1.7.29\jul-to-slf4j-1.7.29.jar;c:\_csedev\user\.m2\jakarta\annotation\jakarta.annotation-api\1.3.5\jakarta.annotation-api-1.3.5.jar;c:\_csedev\user\.m2\org\yaml\snakeyaml\1.25\snakeyaml-1.25.jar;c:\_csedev\user\.m2\org\springframework\boot\spring-boot-actuator-autoconfigure\2.2.1.RELEASE\spring-boot-actuator-autoconfigure-2.2.1.RELEASE.jar;c:\_csedev\user\.m2\org\springframework\boot\spring-boot-actuator\2.2.1.RELEASE\spring-boot-actuator-2.2.1.RELEASE.jar;c:\_csedev\user\.m2\com\fasterxml\jackson\core\jackson-databind\2.10.0\jackson-databind-2.10.0.jar;c:\_csedev\user\.m2\com\fasterxml\jackson\core\jackson-core\2.10.0\jackson-core-2.10.0.jar;c:\_csedev\user\.m2\org\springframework\spring-context\5.2.1.RELEASE\spring-context-5.2.1.RELEASE.jar;c:\_csedev\user\.m2\com\fasterxml\jackson\datatype\jackson-datatype-jsr310\2.10.0\jackson-datatype-jsr310-2.10.0.jar;c:\_csedev\user\.m2\io\micrometer\micrometer-core\1.3.1\micrometer-core-1.3.1.jar;c:\_csedev\user\.m2\org\hdrhistogram\HdrHistogram\2.1.11\HdrHistogram-2.1.11.jar;c:\_csedev\user\.m2\org\latencyutils\LatencyUtils\2.0.3\LatencyUtils-2.0.3.jar;c:\_csedev\user\.m2\org\springframework\boot\spring-boot-starter-data-jpa\2.2.1.RELEASE\spring-boot-starter-data-jpa-2.2.1.RELEASE.jar;c:\_csedev\user\.m2\org\springframework\boot\spring-boot-starter-aop\2.2.1.RELEASE\spring-boot-starter-aop-2.2.1.RELEASE.jar;c:\_csedev\user\.m2\org\springframework\spring-aop\5.2.1.RELEASE\spring-aop-5.2.1.RELEASE.jar;c:\_csedev\user\.m2\org\aspectj\aspectjweaver\1.9.4\aspectjweaver-1.9.4.jar;c:\_csedev\user\.m2\org\springframework\boot\spring-boot-starter-jdbc\2.2.1.RELEASE\spring-boot-starter-jdbc-2.2.1.RELEASE.jar;c:\_csedev\user\.m2\com\zaxxer\HikariCP\3.4.1\HikariCP-3.4.1.jar;c:\_csedev\user\.m2\org\springframework\spring-jdbc\5.2.1.RELEASE\spring-jdbc-5.2.1.RELEASE.jar;c:\_csedev\user\.m2\jakarta\activation\jakarta.activation-api\1.2.1\jakarta.activation-api-1.2.1.jar;c:\_csedev\user\.m2\jakarta\persistence\jakarta.persistence-api\2.2.3\jakarta.persistence-api-2.2.3.jar;c:\_csedev\user\.m2\jakarta\transaction\jakarta.transaction-api\1.3.3\jakarta.transaction-api-1.3.3.jar;c:\_csedev\user\.m2\org\hibernate\hibernate-core\5.4.8.Final\hibernate-core-5.4.8.Final.jar;c:\_csedev\user\.m2\org\jboss\logging\jboss-logging\3.4.1.Final\jboss-logging-3.4.1.Final.jar;c:\_csedev\user\.m2\org\javassist\javassist\3.24.0-GA\javassist-3.24.0-GA.jar;c:\_csedev\user\.m2\net\bytebuddy\byte-buddy\1.10.2\byte-buddy-1.10.2.jar;c:\_csedev\user\.m2\antlr\antlr\2.7.7\antlr-2.7.7.jar;c:\_csedev\user\.m2\org\jboss\jandex\2.0.5.Final\jandex-2.0.5.Final.jar;c:\_csedev\user\.m2\org\dom4j\dom4j\2.1.1\dom4j-2.1.1.jar;c:\_csedev\user\.m2\org\hibernate\common\hibernate-commons-annotations\5.1.0.Final\hibernate-commons-annotations-5.1.0.Final.jar;c:\_csedev\user\.m2\org\glassfish\jaxb\jaxb-runtime\2.3.2\jaxb-runtime-2.3.2.jar;c:\_csedev\user\.m2\org\glassfish\jaxb\txw2\2.3.2\txw2-2.3.2.jar;c:\_csedev\user\.m2\com\sun\istack\istack-commons-runtime\3.0.8\istack-commons-runtime-3.0.8.jar;c:\_csedev\user\.m2\com\sun\xml\fastinfoset\FastInfoset\1.2.16\FastInfoset-1.2.16.jar;c:\_csedev\user\.m2\org\springframework\data\spring-data-jpa\2.2.1.RELEASE\spring-data-jpa-2.2.1.RELEASE.jar;c:\_csedev\user\.m2\org\springframework\data\spring-data-commons\2.2.1.RELEASE\spring-data-commons-2.2.1.RELEASE.jar;c:\_csedev\user\.m2\org\springframework\spring-orm\5.2.1.RELEASE\spring-orm-5.2.1.RELEASE.jar;c:\_csedev\user\.m2\org\springframework\spring-tx\5.2.1.RELEASE\spring-tx-5.2.1.RELEASE.jar;c:\_csedev\user\.m2\org\springframework\spring-beans\5.2.1.RELEASE\spring-beans-5.2.1.RELEASE.jar;c:\_csedev\user\.m2\org\springframework\spring-aspects\5.2.1.RELEASE\spring-aspects-5.2.1.RELEASE.jar;c:\_csedev\user\.m2\org\springframework\boot\spring-boot-starter-web\2.2.1.RELEASE\spring-boot-starter-web-2.2.1.RELEASE.jar;c:\_csedev\user\.m2\org\springframework\boot\spring-boot-starter-json\2.2.1.RELEASE\spring-boot-starter-json-2.2.1.RELEASE.jar;c:\_csedev\user\.m2\com\fasterxml\jackson\datatype\jackson-datatype-jdk8\2.10.0\jackson-datatype-jdk8-2.10.0.jar;c:\_csedev\user\.m2\com\fasterxml\jackson\module\jackson-module-parameter-names\2.10.0\jackson-module-parameter-names-2.10.0.jar;c:\_csedev\user\.m2\org\springframework\boot\spring-boot-starter-tomcat\2.2.1.RELEASE\spring-boot-starter-tomcat-2.2.1.RELEASE.jar;c:\_csedev\user\.m2\org\apache\tomcat\embed\tomcat-embed-core\9.0.27\tomcat-embed-core-9.0.27.jar;c:\_csedev\user\.m2\org\apache\tomcat\embed\tomcat-embed-el\9.0.27\tomcat-embed-el-9.0.27.jar;c:\_csedev\user\.m2\org\apache\tomcat\embed\tomcat-embed-websocket\9.0.27\tomcat-embed-websocket-9.0.27.jar;c:\_csedev\user\.m2\org\springframework\boot\spring-boot-starter-validation\2.2.1.RELEASE\spring-boot-starter-validation-2.2.1.RELEASE.jar;c:\_csedev\user\.m2\jakarta\validation\jakarta.validation-api\2.0.1\jakarta.validation-api-2.0.1.jar;c:\_csedev\user\.m2\org\hibernate\validator\hibernate-validator\6.0.18.Final\hibernate-validator-6.0.18.Final.jar;c:\_csedev\user\.m2\org\springframework\spring-web\5.2.1.RELEASE\spring-web-5.2.1.RELEASE.jar;c:\_csedev\user\.m2\org\springframework\spring-webmvc\5.2.1.RELEASE\spring-webmvc-5.2.1.RELEASE.jar;c:\_csedev\user\.m2\org\springframework\spring-expression\5.2.1.RELEASE\spring-expression-5.2.1.RELEASE.jar;c:\_csedev\user\.m2\org\springframework\boot\spring-boot-devtools\2.2.1.RELEASE\spring-boot-devtools-2.2.1.RELEASE.jar;c:\_csedev\user\.m2\org\springframework\boot\spring-boot\2.2.1.RELEASE\spring-boot-2.2.1.RELEASE.jar;c:\_csedev\user\.m2\org\springframework\boot\spring-boot-autoconfigure\2.2.1.RELEASE\spring-boot-autoconfigure-2.2.1.RELEASE.jar;c:\_csedev\user\.m2\org\springframework\boot\spring-boot-starter-test\2.2.1.RELEASE\spring-boot-starter-test-2.2.1.RELEASE.jar;c:\_csedev\user\.m2\org\springframework\boot\spring-boot-test\2.2.1.RELEASE\spring-boot-test-2.2.1.RELEASE.jar;c:\_csedev\user\.m2\org\springframework\boot\spring-boot-test-autoconfigure\2.2.1.RELEASE\spring-boot-test-autoconfigure-2.2.1.RELEASE.jar;c:\_csedev\user\.m2\com\jayway\jsonpath\json-path\2.4.0\json-path-2.4.0.jar;c:\_csedev\user\.m2\net\minidev\json-smart\2.3\json-smart-2.3.jar;c:\_csedev\user\.m2\net\minidev\accessors-smart\1.2\accessors-smart-1.2.jar;c:\_csedev\user\.m2\org\ow2\asm\asm\5.0.4\asm-5.0.4.jar;c:\_csedev\user\.m2\jakarta\xml\bind\jakarta.xml.bind-api\2.3.2\jakarta.xml.bind-api-2.3.2.jar;c:\_csedev\user\.m2\org\junit\jupiter\junit-jupiter\5.5.2\junit-jupiter-5.5.2.jar;c:\_csedev\user\.m2\org\junit\jupiter\junit-jupiter-api\5.5.2\junit-jupiter-api-5.5.2.jar;c:\_csedev\user\.m2\org\opentest4j\opentest4j\1.2.0\opentest4j-1.2.0.jar;c:\_csedev\user\.m2\org\junit\platform\junit-platform-commons\1.5.2\junit-platform-commons-1.5.2.jar;c:\_csedev\user\.m2\org\junit\jupiter\junit-jupiter-params\5.5.2\junit-jupiter-params-5.5.2.jar;c:\_csedev\user\.m2\org\junit\jupiter\junit-jupiter-engine\5.5.2\junit-jupiter-engine-5.5.2.jar;c:\_csedev\user\.m2\org\junit\vintage\junit-vintage-engine\5.5.2\junit-vintage-engine-5.5.2.jar;c:\_csedev\user\.m2\org\apiguardian\apiguardian-api\1.1.0\apiguardian-api-1.1.0.jar;c:\_csedev\user\.m2\org\junit\platform\junit-platform-engine\1.5.2\junit-platform-engine-1.5.2.jar;c:\_csedev\user\.m2\junit\junit\4.12\junit-4.12.jar;c:\_csedev\user\.m2\org\mockito\mockito-junit-jupiter\3.1.0\mockito-junit-jupiter-3.1.0.jar;c:\_csedev\user\.m2\org\assertj\assertj-core\3.13.2\assertj-core-3.13.2.jar;c:\_csedev\user\.m2\org\hamcrest\hamcrest\2.1\hamcrest-2.1.jar;c:\_csedev\user\.m2\org\mockito\mockito-core\3.1.0\mockito-core-3.1.0.jar;c:\_csedev\user\.m2\net\bytebuddy\byte-buddy-agent\1.10.2\byte-buddy-agent-1.10.2.jar;c:\_csedev\user\.m2\org\objenesis\objenesis\2.6\objenesis-2.6.jar;c:\_csedev\user\.m2\org\skyscreamer\jsonassert\1.5.0\jsonassert-1.5.0.jar;c:\_csedev\user\.m2\com\vaadin\external\google\android-json\0.0.20131108.vaadin1\android-json-0.0.20131108.vaadin1.jar;c:\_csedev\user\.m2\org\springframework\spring-core\5.2.1.RELEASE\spring-core-5.2.1.RELEASE.jar;c:\_csedev\user\.m2\org\springframework\spring-jcl\5.2.1.RELEASE\spring-jcl-5.2.1.RELEASE.jar;c:\_csedev\user\.m2\org\springframework\spring-test\5.2.1.RELEASE\spring-test-5.2.1.RELEASE.jar;c:\_csedev\user\.m2\org\xmlunit\xmlunit-core\2.6.3\xmlunit-core-2.6.3.jar;c:\_csedev\user\.m2\mysql\mysql-connector-java\8.0.18\mysql-connector-java-8.0.18.jar;c:\_csedev\user\.m2\org\springframework\boot\spring-boot-starter-web-services\2.2.1.RELEASE\spring-boot-starter-web-services-2.2.1.RELEASE.jar;c:\_csedev\user\.m2\com\sun\xml\messaging\saaj\saaj-impl\1.5.1\saaj-impl-1.5.1.jar;c:\_csedev\user\.m2\jakarta\xml\soap\jakarta.xml.soap-api\1.4.1\jakarta.xml.soap-api-1.4.1.jar;c:\_csedev\user\.m2\org\jvnet\mimepull\mimepull\1.9.12\mimepull-1.9.12.jar;c:\_csedev\user\.m2\org\jvnet\staxex\stax-ex\1.8.1\stax-ex-1.8.1.jar;c:\_csedev\user\.m2\jakarta\xml\ws\jakarta.xml.ws-api\2.3.2\jakarta.xml.ws-api-2.3.2.jar;c:\_csedev\user\.m2\jakarta\jws\jakarta.jws-api\1.1.1\jakarta.jws-api-1.1.1.jar;c:\_csedev\user\.m2\org\springframework\spring-oxm\5.2.1.RELEASE\spring-oxm-5.2.1.RELEASE.jar;c:\_csedev\user\.m2\org\springframework\ws\spring-ws-core\3.0.8.RELEASE\spring-ws-core-3.0.8.RELEASE.jar;c:\_csedev\user\.m2\org\springframework\ws\spring-xml\3.0.8.RELEASE\spring-xml-3.0.8.RELEASE.jar;c:\_csedev\user\.m2\wsdl4j\wsdl4j\1.6.3\wsdl4j-1.6.3.jar;c:\_csedev\user\.m2\org\mybatis\spring\boot\mybatis-spring-boot-starter\1.3.0\mybatis-spring-boot-starter-1.3.0.jar;c:\_csedev\user\.m2\org\mybatis\spring\boot\mybatis-spring-boot-autoconfigure\1.3.0\mybatis-spring-boot-autoconfigure-1.3.0.jar;c:\_csedev\user\.m2\org\mybatis\mybatis\3.4.4\mybatis-3.4.4.jar;c:\_csedev\user\.m2\org\mybatis\mybatis-spring\1.3.1\mybatis-spring-1.3.1.jar;c:\_csedev\user\.m2\io\springfox\springfox-swagger2\2.7.0\springfox-swagger2-2.7.0.jar;c:\_csedev\user\.m2\io\swagger\swagger-annotations\1.5.13\swagger-annotations-1.5.13.jar;c:\_csedev\user\.m2\io\swagger\swagger-models\1.5.13\swagger-models-1.5.13.jar;c:\_csedev\user\.m2\com\fasterxml\jackson\core\jackson-annotations\2.10.0\jackson-annotations-2.10.0.jar;c:\_csedev\user\.m2\io\springfox\springfox-spi\2.7.0\springfox-spi-2.7.0.jar;c:\_csedev\user\.m2\io\springfox\springfox-core\2.7.0\springfox-core-2.7.0.jar;c:\_csedev\user\.m2\io\springfox\springfox-schema\2.7.0\springfox-schema-2.7.0.jar;c:\_csedev\user\.m2\io\springfox\springfox-swagger-common\2.7.0\springfox-swagger-common-2.7.0.jar;c:\_csedev\user\.m2\io\springfox\springfox-spring-web\2.7.0\springfox-spring-web-2.7.0.jar;c:\_csedev\user\.m2\org\reflections\reflections\0.9.11\reflections-0.9.11.jar;c:\_csedev\user\.m2\com\google\guava\guava\18.0\guava-18.0.jar;c:\_csedev\user\.m2\com\fasterxml\classmate\1.5.1\classmate-1.5.1.jar;c:\_csedev\user\.m2\org\slf4j\slf4j-api\1.7.29\slf4j-api-1.7.29.jar;c:\_csedev\user\.m2\org\springframework\plugin\spring-plugin-core\1.2.0.RELEASE\spring-plugin-core-1.2.0.RELEASE.jar;c:\_csedev\user\.m2\org\springframework\plugin\spring-plugin-metadata\1.2.0.RELEASE\spring-plugin-metadata-1.2.0.RELEASE.jar;c:\_csedev\user\.m2\org\mapstruct\mapstruct\1.1.0.Final\mapstruct-1.1.0.Final.jar;c:\_csedev\user\.m2\io\springfox\springfox-swagger-ui\2.7.0\springfox-swagger-ui-2.7.0.jar;"/>
    <property name="java.vm.vendor" value="IBM Corporation"/>
    <property name="com.ibm.zero.version" value="2"/>
    <property name="sun.arch.data.model" value="64"/>
    <property name="com.ibm.vm.bitmode" value="64"/>
    <property name="user.variant" value=""/>
    <property name="com.ibm.oti.vm.library.version" value="28"/>
    <property name="java.vendor.url" value="http://www.ibm.com/"/>
    <property name="user.timezone" value="Europe/Berlin"/>
    <property name="os.name" value="Windows 10"/>
    <property name="java.vm.specification.version" value="1.8"/>
    <property name="sun.java.launcher" value="SUN_STANDARD"/>
    <property name="user.country" value="IT"/>
    <property name="sun.boot.library.path" value="C:\_csedev\wlp\java\java\jre\bin\compressedrefs;C:\_csedev\wlp\java\java\jre\bin"/>
    <property name="sun.java.command" value="C:\Users\Maiani\AppData\Local\Temp\surefire3586435561385889676\surefirebooter8083326320610190200.jar C:\Users\Maiani\AppData\Local\Temp\surefire3586435561385889676 2023-05-15T08-54-39_683-jvmRun1 surefire8308529863668889820tmp surefire_01313465745507777584tmp"/>
    <property name="surefire.test.class.path" value="C:\Sviluppo\repository\faac-app\faac-app\faac-app\target\test-classes;C:\Sviluppo\repository\faac-app\faac-app\faac-app\target\classes;c:\_csedev\user\.m2\org\springframework\boot\spring-boot-starter-actuator\2.2.1.RELEASE\spring-boot-starter-actuator-2.2.1.RELEASE.jar;c:\_csedev\user\.m2\org\springframework\boot\spring-boot-starter\2.2.1.RELEASE\spring-boot-starter-2.2.1.RELEASE.jar;c:\_csedev\user\.m2\org\springframework\boot\spring-boot-starter-logging\2.2.1.RELEASE\spring-boot-starter-logging-2.2.1.RELEASE.jar;c:\_csedev\user\.m2\ch\qos\logback\logback-classic\1.2.3\logback-classic-1.2.3.jar;c:\_csedev\user\.m2\ch\qos\logback\logback-core\1.2.3\logback-core-1.2.3.jar;c:\_csedev\user\.m2\org\apache\logging\log4j\log4j-to-slf4j\2.12.1\log4j-to-slf4j-2.12.1.jar;c:\_csedev\user\.m2\org\apache\logging\log4j\log4j-api\2.12.1\log4j-api-2.12.1.jar;c:\_csedev\user\.m2\org\slf4j\jul-to-slf4j\1.7.29\jul-to-slf4j-1.7.29.jar;c:\_csedev\user\.m2\jakarta\annotation\jakarta.annotation-api\1.3.5\jakarta.annotation-api-1.3.5.jar;c:\_csedev\user\.m2\org\yaml\snakeyaml\1.25\snakeyaml-1.25.jar;c:\_csedev\user\.m2\org\springframework\boot\spring-boot-actuator-autoconfigure\2.2.1.RELEASE\spring-boot-actuator-autoconfigure-2.2.1.RELEASE.jar;c:\_csedev\user\.m2\org\springframework\boot\spring-boot-actuator\2.2.1.RELEASE\spring-boot-actuator-2.2.1.RELEASE.jar;c:\_csedev\user\.m2\com\fasterxml\jackson\core\jackson-databind\2.10.0\jackson-databind-2.10.0.jar;c:\_csedev\user\.m2\com\fasterxml\jackson\core\jackson-core\2.10.0\jackson-core-2.10.0.jar;c:\_csedev\user\.m2\org\springframework\spring-context\5.2.1.RELEASE\spring-context-5.2.1.RELEASE.jar;c:\_csedev\user\.m2\com\fasterxml\jackson\datatype\jackson-datatype-jsr310\2.10.0\jackson-datatype-jsr310-2.10.0.jar;c:\_csedev\user\.m2\io\micrometer\micrometer-core\1.3.1\micrometer-core-1.3.1.jar;c:\_csedev\user\.m2\org\hdrhistogram\HdrHistogram\2.1.11\HdrHistogram-2.1.11.jar;c:\_csedev\user\.m2\org\latencyutils\LatencyUtils\2.0.3\LatencyUtils-2.0.3.jar;c:\_csedev\user\.m2\org\springframework\boot\spring-boot-starter-data-jpa\2.2.1.RELEASE\spring-boot-starter-data-jpa-2.2.1.RELEASE.jar;c:\_csedev\user\.m2\org\springframework\boot\spring-boot-starter-aop\2.2.1.RELEASE\spring-boot-starter-aop-2.2.1.RELEASE.jar;c:\_csedev\user\.m2\org\springframework\spring-aop\5.2.1.RELEASE\spring-aop-5.2.1.RELEASE.jar;c:\_csedev\user\.m2\org\aspectj\aspectjweaver\1.9.4\aspectjweaver-1.9.4.jar;c:\_csedev\user\.m2\org\springframework\boot\spring-boot-starter-jdbc\2.2.1.RELEASE\spring-boot-starter-jdbc-2.2.1.RELEASE.jar;c:\_csedev\user\.m2\com\zaxxer\HikariCP\3.4.1\HikariCP-3.4.1.jar;c:\_csedev\user\.m2\org\springframework\spring-jdbc\5.2.1.RELEASE\spring-jdbc-5.2.1.RELEASE.jar;c:\_csedev\user\.m2\jakarta\activation\jakarta.activation-api\1.2.1\jakarta.activation-api-1.2.1.jar;c:\_csedev\user\.m2\jakarta\persistence\jakarta.persistence-api\2.2.3\jakarta.persistence-api-2.2.3.jar;c:\_csedev\user\.m2\jakarta\transaction\jakarta.transaction-api\1.3.3\jakarta.transaction-api-1.3.3.jar;c:\_csedev\user\.m2\org\hibernate\hibernate-core\5.4.8.Final\hibernate-core-5.4.8.Final.jar;c:\_csedev\user\.m2\org\jboss\logging\jboss-logging\3.4.1.Final\jboss-logging-3.4.1.Final.jar;c:\_csedev\user\.m2\org\javassist\javassist\3.24.0-GA\javassist-3.24.0-GA.jar;c:\_csedev\user\.m2\net\bytebuddy\byte-buddy\1.10.2\byte-buddy-1.10.2.jar;c:\_csedev\user\.m2\antlr\antlr\2.7.7\antlr-2.7.7.jar;c:\_csedev\user\.m2\org\jboss\jandex\2.0.5.Final\jandex-2.0.5.Final.jar;c:\_csedev\user\.m2\org\dom4j\dom4j\2.1.1\dom4j-2.1.1.jar;c:\_csedev\user\.m2\org\hibernate\common\hibernate-commons-annotations\5.1.0.Final\hibernate-commons-annotations-5.1.0.Final.jar;c:\_csedev\user\.m2\org\glassfish\jaxb\jaxb-runtime\2.3.2\jaxb-runtime-2.3.2.jar;c:\_csedev\user\.m2\org\glassfish\jaxb\txw2\2.3.2\txw2-2.3.2.jar;c:\_csedev\user\.m2\com\sun\istack\istack-commons-runtime\3.0.8\istack-commons-runtime-3.0.8.jar;c:\_csedev\user\.m2\com\sun\xml\fastinfoset\FastInfoset\1.2.16\FastInfoset-1.2.16.jar;c:\_csedev\user\.m2\org\springframework\data\spring-data-jpa\2.2.1.RELEASE\spring-data-jpa-2.2.1.RELEASE.jar;c:\_csedev\user\.m2\org\springframework\data\spring-data-commons\2.2.1.RELEASE\spring-data-commons-2.2.1.RELEASE.jar;c:\_csedev\user\.m2\org\springframework\spring-orm\5.2.1.RELEASE\spring-orm-5.2.1.RELEASE.jar;c:\_csedev\user\.m2\org\springframework\spring-tx\5.2.1.RELEASE\spring-tx-5.2.1.RELEASE.jar;c:\_csedev\user\.m2\org\springframework\spring-beans\5.2.1.RELEASE\spring-beans-5.2.1.RELEASE.jar;c:\_csedev\user\.m2\org\springframework\spring-aspects\5.2.1.RELEASE\spring-aspects-5.2.1.RELEASE.jar;c:\_csedev\user\.m2\org\springframework\boot\spring-boot-starter-web\2.2.1.RELEASE\spring-boot-starter-web-2.2.1.RELEASE.jar;c:\_csedev\user\.m2\org\springframework\boot\spring-boot-starter-json\2.2.1.RELEASE\spring-boot-starter-json-2.2.1.RELEASE.jar;c:\_csedev\user\.m2\com\fasterxml\jackson\datatype\jackson-datatype-jdk8\2.10.0\jackson-datatype-jdk8-2.10.0.jar;c:\_csedev\user\.m2\com\fasterxml\jackson\module\jackson-module-parameter-names\2.10.0\jackson-module-parameter-names-2.10.0.jar;c:\_csedev\user\.m2\org\springframework\boot\spring-boot-starter-tomcat\2.2.1.RELEASE\spring-boot-starter-tomcat-2.2.1.RELEASE.jar;c:\_csedev\user\.m2\org\apache\tomcat\embed\tomcat-embed-core\9.0.27\tomcat-embed-core-9.0.27.jar;c:\_csedev\user\.m2\org\apache\tomcat\embed\tomcat-embed-el\9.0.27\tomcat-embed-el-9.0.27.jar;c:\_csedev\user\.m2\org\apache\tomcat\embed\tomcat-embed-websocket\9.0.27\tomcat-embed-websocket-9.0.27.jar;c:\_csedev\user\.m2\org\springframework\boot\spring-boot-starter-validation\2.2.1.RELEASE\spring-boot-starter-validation-2.2.1.RELEASE.jar;c:\_csedev\user\.m2\jakarta\validation\jakarta.validation-api\2.0.1\jakarta.validation-api-2.0.1.jar;c:\_csedev\user\.m2\org\hibernate\validator\hibernate-validator\6.0.18.Final\hibernate-validator-6.0.18.Final.jar;c:\_csedev\user\.m2\org\springframework\spring-web\5.2.1.RELEASE\spring-web-5.2.1.RELEASE.jar;c:\_csedev\user\.m2\org\springframework\spring-webmvc\5.2.1.RELEASE\spring-webmvc-5.2.1.RELEASE.jar;c:\_csedev\user\.m2\org\springframework\spring-expression\5.2.1.RELEASE\spring-expression-5.2.1.RELEASE.jar;c:\_csedev\user\.m2\org\springframework\boot\spring-boot-devtools\2.2.1.RELEASE\spring-boot-devtools-2.2.1.RELEASE.jar;c:\_csedev\user\.m2\org\springframework\boot\spring-boot\2.2.1.RELEASE\spring-boot-2.2.1.RELEASE.jar;c:\_csedev\user\.m2\org\springframework\boot\spring-boot-autoconfigure\2.2.1.RELEASE\spring-boot-autoconfigure-2.2.1.RELEASE.jar;c:\_csedev\user\.m2\org\springframework\boot\spring-boot-starter-test\2.2.1.RELEASE\spring-boot-starter-test-2.2.1.RELEASE.jar;c:\_csedev\user\.m2\org\springframework\boot\spring-boot-test\2.2.1.RELEASE\spring-boot-test-2.2.1.RELEASE.jar;c:\_csedev\user\.m2\org\springframework\boot\spring-boot-test-autoconfigure\2.2.1.RELEASE\spring-boot-test-autoconfigure-2.2.1.RELEASE.jar;c:\_csedev\user\.m2\com\jayway\jsonpath\json-path\2.4.0\json-path-2.4.0.jar;c:\_csedev\user\.m2\net\minidev\json-smart\2.3\json-smart-2.3.jar;c:\_csedev\user\.m2\net\minidev\accessors-smart\1.2\accessors-smart-1.2.jar;c:\_csedev\user\.m2\org\ow2\asm\asm\5.0.4\asm-5.0.4.jar;c:\_csedev\user\.m2\jakarta\xml\bind\jakarta.xml.bind-api\2.3.2\jakarta.xml.bind-api-2.3.2.jar;c:\_csedev\user\.m2\org\junit\jupiter\junit-jupiter\5.5.2\junit-jupiter-5.5.2.jar;c:\_csedev\user\.m2\org\junit\jupiter\junit-jupiter-api\5.5.2\junit-jupiter-api-5.5.2.jar;c:\_csedev\user\.m2\org\opentest4j\opentest4j\1.2.0\opentest4j-1.2.0.jar;c:\_csedev\user\.m2\org\junit\platform\junit-platform-commons\1.5.2\junit-platform-commons-1.5.2.jar;c:\_csedev\user\.m2\org\junit\jupiter\junit-jupiter-params\5.5.2\junit-jupiter-params-5.5.2.jar;c:\_csedev\user\.m2\org\junit\jupiter\junit-jupiter-engine\5.5.2\junit-jupiter-engine-5.5.2.jar;c:\_csedev\user\.m2\org\junit\vintage\junit-vintage-engine\5.5.2\junit-vintage-engine-5.5.2.jar;c:\_csedev\user\.m2\org\apiguardian\apiguardian-api\1.1.0\apiguardian-api-1.1.0.jar;c:\_csedev\user\.m2\org\junit\platform\junit-platform-engine\1.5.2\junit-platform-engine-1.5.2.jar;c:\_csedev\user\.m2\junit\junit\4.12\junit-4.12.jar;c:\_csedev\user\.m2\org\mockito\mockito-junit-jupiter\3.1.0\mockito-junit-jupiter-3.1.0.jar;c:\_csedev\user\.m2\org\assertj\assertj-core\3.13.2\assertj-core-3.13.2.jar;c:\_csedev\user\.m2\org\hamcrest\hamcrest\2.1\hamcrest-2.1.jar;c:\_csedev\user\.m2\org\mockito\mockito-core\3.1.0\mockito-core-3.1.0.jar;c:\_csedev\user\.m2\net\bytebuddy\byte-buddy-agent\1.10.2\byte-buddy-agent-1.10.2.jar;c:\_csedev\user\.m2\org\objenesis\objenesis\2.6\objenesis-2.6.jar;c:\_csedev\user\.m2\org\skyscreamer\jsonassert\1.5.0\jsonassert-1.5.0.jar;c:\_csedev\user\.m2\com\vaadin\external\google\android-json\0.0.20131108.vaadin1\android-json-0.0.20131108.vaadin1.jar;c:\_csedev\user\.m2\org\springframework\spring-core\5.2.1.RELEASE\spring-core-5.2.1.RELEASE.jar;c:\_csedev\user\.m2\org\springframework\spring-jcl\5.2.1.RELEASE\spring-jcl-5.2.1.RELEASE.jar;c:\_csedev\user\.m2\org\springframework\spring-test\5.2.1.RELEASE\spring-test-5.2.1.RELEASE.jar;c:\_csedev\user\.m2\org\xmlunit\xmlunit-core\2.6.3\xmlunit-core-2.6.3.jar;c:\_csedev\user\.m2\mysql\mysql-connector-java\8.0.18\mysql-connector-java-8.0.18.jar;c:\_csedev\user\.m2\org\springframework\boot\spring-boot-starter-web-services\2.2.1.RELEASE\spring-boot-starter-web-services-2.2.1.RELEASE.jar;c:\_csedev\user\.m2\com\sun\xml\messaging\saaj\saaj-impl\1.5.1\saaj-impl-1.5.1.jar;c:\_csedev\user\.m2\jakarta\xml\soap\jakarta.xml.soap-api\1.4.1\jakarta.xml.soap-api-1.4.1.jar;c:\_csedev\user\.m2\org\jvnet\mimepull\mimepull\1.9.12\mimepull-1.9.12.jar;c:\_csedev\user\.m2\org\jvnet\staxex\stax-ex\1.8.1\stax-ex-1.8.1.jar;c:\_csedev\user\.m2\jakarta\xml\ws\jakarta.xml.ws-api\2.3.2\jakarta.xml.ws-api-2.3.2.jar;c:\_csedev\user\.m2\jakarta\jws\jakarta.jws-api\1.1.1\jakarta.jws-api-1.1.1.jar;c:\_csedev\user\.m2\org\springframework\spring-oxm\5.2.1.RELEASE\spring-oxm-5.2.1.RELEASE.jar;c:\_csedev\user\.m2\org\springframework\ws\spring-ws-core\3.0.8.RELEASE\spring-ws-core-3.0.8.RELEASE.jar;c:\_csedev\user\.m2\org\springframework\ws\spring-xml\3.0.8.RELEASE\spring-xml-3.0.8.RELEASE.jar;c:\_csedev\user\.m2\wsdl4j\wsdl4j\1.6.3\wsdl4j-1.6.3.jar;c:\_csedev\user\.m2\org\mybatis\spring\boot\mybatis-spring-boot-starter\1.3.0\mybatis-spring-boot-starter-1.3.0.jar;c:\_csedev\user\.m2\org\mybatis\spring\boot\mybatis-spring-boot-autoconfigure\1.3.0\mybatis-spring-boot-autoconfigure-1.3.0.jar;c:\_csedev\user\.m2\org\mybatis\mybatis\3.4.4\mybatis-3.4.4.jar;c:\_csedev\user\.m2\org\mybatis\mybatis-spring\1.3.1\mybatis-spring-1.3.1.jar;c:\_csedev\user\.m2\io\springfox\springfox-swagger2\2.7.0\springfox-swagger2-2.7.0.jar;c:\_csedev\user\.m2\io\swagger\swagger-annotations\1.5.13\swagger-annotations-1.5.13.jar;c:\_csedev\user\.m2\io\swagger\swagger-models\1.5.13\swagger-models-1.5.13.jar;c:\_csedev\user\.m2\com\fasterxml\jackson\core\jackson-annotations\2.10.0\jackson-annotations-2.10.0.jar;c:\_csedev\user\.m2\io\springfox\springfox-spi\2.7.0\springfox-spi-2.7.0.jar;c:\_csedev\user\.m2\io\springfox\springfox-core\2.7.0\springfox-core-2.7.0.jar;c:\_csedev\user\.m2\io\springfox\springfox-schema\2.7.0\springfox-schema-2.7.0.jar;c:\_csedev\user\.m2\io\springfox\springfox-swagger-common\2.7.0\springfox-swagger-common-2.7.0.jar;c:\_csedev\user\.m2\io\springfox\springfox-spring-web\2.7.0\springfox-spring-web-2.7.0.jar;c:\_csedev\user\.m2\org\reflections\reflections\0.9.11\reflections-0.9.11.jar;c:\_csedev\user\.m2\com\google\guava\guava\18.0\guava-18.0.jar;c:\_csedev\user\.m2\com\fasterxml\classmate\1.5.1\classmate-1.5.1.jar;c:\_csedev\user\.m2\org\slf4j\slf4j-api\1.7.29\slf4j-api-1.7.29.jar;c:\_csedev\user\.m2\org\springframework\plugin\spring-plugin-core\1.2.0.RELEASE\spring-plugin-core-1.2.0.RELEASE.jar;c:\_csedev\user\.m2\org\springframework\plugin\spring-plugin-metadata\1.2.0.RELEASE\spring-plugin-metadata-1.2.0.RELEASE.jar;c:\_csedev\user\.m2\org\mapstruct\mapstruct\1.1.0.Final\mapstruct-1.1.0.Final.jar;c:\_csedev\user\.m2\io\springfox\springfox-swagger-ui\2.7.0\springfox-swagger-ui-2.7.0.jar;"/>
    <property name="com.ibm.packed.version" value="2"/>
    <property name="sun.cpu.endian" value="little"/>
    <property name="user.home" value="C:\Users\Maiani"/>
    <property name="user.language" value="it"/>
    <property name="java.specification.vendor" value="Oracle Corporation"/>
    <property name="java.home" value="C:\_csedev\wlp\java\java\jre"/>
    <property name="ibm.signalhandling.rs" value="false"/>
    <property name="file.separator" value="\"/>
    <property name="basedir" value="C:\Sviluppo\repository\faac-app\faac-app\faac-app"/>
    <property name="line.separator" value="&#10;"/>
    <property name="java.vm.specification.vendor" value="Oracle Corporation"/>
    <property name="java.specification.name" value="Java Platform API Specification"/>
    <property name="java.compiler" value="j9jit28"/>
    <property name="com.ibm.util.extralibs.properties" value=""/>
    <property name="java.awt.graphicsenv" value="sun.awt.Win32GraphicsEnvironment"/>
    <property name="com.ibm.oti.configuration" value="scar"/>
    <property name="java.awt.fonts" value=""/>
    <property name="surefire.real.class.path" value="C:\Users\Maiani\AppData\Local\Temp\surefire3586435561385889676\surefirebooter8083326320610190200.jar"/>
    <property name="com.ibm.oti.shared.enabled" value="false"/>
    <property name="sun.boot.class.path" value="C:\_csedev\wlp\java\java\jre\bin\compressedrefs\jclSC180\vm.jar;C:\_csedev\wlp\java\java\jre\lib\se-service.jar;C:\_csedev\wlp\java\java\jre\lib\cuda4j.jar;C:\_csedev\wlp\java\java\jre\lib\math.jar;C:\_csedev\wlp\java\java\jre\lib\ibmorb.jar;C:\_csedev\wlp\java\java\jre\lib\ibmorbapi.jar;C:\_csedev\wlp\java\java\jre\lib\ibmcfw.jar;C:\_csedev\wlp\java\java\jre\lib\ibmpkcs.jar;C:\_csedev\wlp\java\java\jre\lib\ibmcertpathfw.jar;C:\_csedev\wlp\java\java\jre\lib\ibmjgssfw.jar;C:\_csedev\wlp\java\java\jre\lib\ibmjssefw.jar;C:\_csedev\wlp\java\java\jre\lib\ibmsaslfw.jar;C:\_csedev\wlp\java\java\jre\lib\ibmjcefw.jar;C:\_csedev\wlp\java\java\jre\lib\ibmjgssprovider.jar;C:\_csedev\wlp\java\java\jre\lib\ibmjsseprovider2.jar;C:\_csedev\wlp\java\java\jre\lib\ibmcertpathprovider.jar;C:\_csedev\wlp\java\java\jre\lib\xmldsigfw.jar;C:\_csedev\wlp\java\java\jre\lib\xml.jar;C:\_csedev\wlp\java\java\jre\lib\charsets.jar;C:\_csedev\wlp\java\java\jre\lib\resources.jar;C:\_csedev\wlp\java\java\jre\lib\rt.jar;C:\_csedev\wlp\java\java\jre\lib\dataaccess.jar"/>
    <property name="com.ibm.oti.vm.bootstrap.library.path" value="C:\_csedev\wlp\java\java\jre\bin\compressedrefs;C:\_csedev\wlp\java\java\jre\bin"/>
    <property name="com.ibm.cpu.endian" value="little"/>
    <property name="java.fullversion" value="JRE 1.8.0 IBM J9 2.8 Windows 10 amd64-64 Compressed References 20161013_322271 (JIT enabled, AOT enabled)&#10;J9VM - R28_Java8_SR3_20161013_1635_B322271&#10;JIT  - tr.r14.java.green_20161011_125790&#10;GC   - R28_Java8_SR3_20161013_1635_B322271_CMPRSS&#10;J9CL - 20161013_322271"/>
    <property name="java.runtime.version" value="pwa6480sr3fp20-20161019_02 (SR3 FP20)"/>
    <property name="user.name" value="Maiani"/>
    <property name="path.separator" value=";"/>
    <property name="os.version" value="10.0"/>
    <property name="java.endorsed.dirs" value="C:\_csedev\wlp\java\java\jre\lib\endorsed"/>
    <property name="java.runtime.name" value="Java(TM) SE Runtime Environment"/>
    <property name="ibm.signalhandling.sigint" value="true"/>
    <property name="file.encoding" value="Cp1252"/>
    <property name="java.vm.name" value="IBM J9 VM"/>
    <property name="ibm.signalhandling.sigchain" value="true"/>
    <property name="localRepository" value="c:\_csedev\user\.m2"/>
    <property name="java.io.tmpdir" value="C:\Users\Maiani\AppData\Local\Temp\"/>
    <property name="java.version" value="1.8.0"/>
    <property name="com.ibm.system.agent.path" value="C:\_csedev\wlp\java\java\jre\bin"/>
    <property name="user.dir" value="C:\Sviluppo\repository\faac-app\faac-app\faac-app"/>
    <property name="os.arch" value="amd64"/>
    <property name="java.vm.specification.name" value="Java Virtual Machine Specification"/>
    <property name="java.awt.printerjob" value="sun.awt.windows.WPrinterJob"/>
    <property name="os.encoding" value="UTF8"/>
    <property name="console.encoding" value="Cp850"/>
    <property name="com.ibm.oti.jcl.build" value="20161013_322271"/>
    <property name="java.library.path" value="C:\_csedev\wlp\java\java\jre\bin\compressedrefs;C:\_csedev\wlp\java\java\jre\bin;C:\Windows\system32;C:\Windows;C:/_csedev/wlp/java/java/jre/bin/j9vm;C:/_csedev/wlp/java/java/jre/bin;C:/_csedev/wlp/java/java/jre/lib/amd64;C:\Program Files (x86)\Common Files\Oracle\Java\javapath;C:\Windows\system32;C:\Windows;C:\Windows\System32\Wbem;C:\Windows\System32\WindowsPowerShell\v1.0\;C:\Windows\System32\OpenSSH\;C:\Program Files\PuTTY\;C:\Program Files\dotnet\;C:\Program Files (x86)\Apache Maven\apache-maven-3.9.1\bin;;C:\Program Files\Docker\Docker\resources\bin;C:\Users\Maiani\AppData\Local\Microsoft\WindowsApps;C:\Users\Maiani\AppData\Local\Programs\Microsoft VS Code\bin;C:\Users\Maiani\AppData\Local\InfoCert\GoSign Desktop\RAO;C:\flutter\bin;C:\Users\Maiani\AppData\Local\GitHubDesktop\bin;C:\Users\Maiani\Desktop;;."/>
    <property name="java.vendor" value="IBM Corporation"/>
    <property name="java.vm.info" value="JRE 1.8.0 Windows 10 amd64-64 Compressed References 20161013_322271 (JIT enabled, AOT enabled)&#10;J9VM - R28_Java8_SR3_20161013_1635_B322271&#10;JIT  - tr.r14.java.green_20161011_125790&#10;GC   - R28_Java8_SR3_20161013_1635_B322271_CMPRSS&#10;J9CL - 20161013_322271"/>
    <property name="java.vm.version" value="2.8"/>
    <property name="com.ibm.jcl.checkClassPath" value=""/>
    <property name="ibm.system.encoding" value="Cp1252"/>
    <property name="sun.io.unicode.encoding" value="UnicodeLittle"/>
    <property name="java.ext.dirs" value="C:\_csedev\wlp\java\java\jre\lib\ext"/>
    <property name="java.class.version" value="52.0"/>
  </properties>
  <testcase name="insertUserAndReturnLoggedUsers" classname="com.faac.UserServiceTests" time="0.543"/>
</testsuite>